2021-02-28 13:33:15: [ioredis] Unhandled error event: Error: read ECONNRESET
    at TCP.onStreamRead (internal/stream_base_commons.js:205:27)
2021-03-04 15:51:45: [ioredis] Unhandled error event: Error: read ETIMEDOUT
    at TCP.onStreamRead (internal/stream_base_commons.js:205:27)
2021-03-07 13:15:28: [ioredis] Unhandled error event: Error: read ETIMEDOUT
    at TCP.onStreamRead (internal/stream_base_commons.js:205:27)
2021-03-15 17:41:34: [ioredis] Unhandled error event: Error: read ETIMEDOUT
    at TCP.onStreamRead (internal/stream_base_commons.js:205:27)
2021-03-19 13:59:55: [ioredis] Unhandled error event: Error: read ETIMEDOUT
    at TCP.onStreamRead (internal/stream_base_commons.js:205:27)
2021-03-22 17:12:20: [ioredis] Unhandled error event: Error: read ECONNRESET
    at TCP.onStreamRead (internal/stream_base_commons.js:205:27)
2021-04-06 17:01:25: [ioredis] Unhandled error event: Error: read ECONNRESET
    at TCP.onStreamRead (internal/stream_base_commons.js:205:27)
2021-04-08 23:02:34: [ioredis] Unhandled error event: Error: read ECONNRESET
    at TCP.onStreamRead (internal/stream_base_commons.js:205:27)
2021-04-15 01:24:56: [ioredis] Unhandled error event: Error: read ETIMEDOUT
    at TCP.onStreamRead (internal/stream_base_commons.js:205:27)
2021-04-23 20:07:41: 
  Error: Parse Error: Invalid method encountered

2021-05-07 15:18:05: [ioredis] Unhandled error event: Error: read ECONNRESET
    at TCP.onStreamRead (internal/stream_base_commons.js:205:27)
2021-05-17 06:25:13: [ioredis] Unhandled error event: Error: read ECONNRESET
    at TCP.onStreamRead (internal/stream_base_commons.js:205:27)
2021-05-18 18:41:12: [ioredis] Unhandled error event: Error: read ECONNRESET
    at TCP.onStreamRead (internal/stream_base_commons.js:205:27)
2021-06-01 17:44:57: [ioredis] Unhandled error event: Error: read ECONNRESET
    at TCP.onStreamRead (internal/stream_base_commons.js:205:27)
2021-06-05 06:49:23: [ioredis] Unhandled error event: Error: read ECONNRESET
    at TCP.onStreamRead (internal/stream_base_commons.js:205:27)
2021-06-10 14:25:38: [ioredis] Unhandled error event: Error: read ECONNRESET
    at TCP.onStreamRead (internal/stream_base_commons.js:205:27)
2021-11-16 22:57:17: 
  Error: ENOENT: no such file or directory, open '/root/web_key/web/public/upload/u32eu5a1enn.jpg'

2021-11-16 22:57:20: 
  Error: ENOENT: no such file or directory, open '/root/web_key/web/public/upload/u32eu5a1enn.jpg'

2021-11-16 23:00:06: 
  Error: ENOENT: no such file or directory, open '/root/web_key/web/public/upload/undefined'

2021-11-16 23:00:18: 
  Error: ENOENT: no such file or directory, open '/root/web_key/web/public/upload/undefined'

2021-11-16 23:00:22: 
  Error: ENOENT: no such file or directory, open '/root/web_key/web/public/upload/undefined'

2021-11-17 18:23:46: 
  Error: ENOENT: no such file or directory, open '/root/web_key/web/public/upload/undefined'

2021-11-17 22:48:42: 
  Error: ENOENT: no such file or directory, open '/root/web_key/web/public/upload/undefined'

2021-11-17 23:11:31: 
  Error: ENOENT: no such file or directory, open '/root/web_key/web/public/upload/undefined'

2021-11-26 12:04:07: 
  Error: ENOENT: no such file or directory, open '/root/web_key/web/public/upload/undefined'

2021-11-26 12:10:45: 
  Error: ENOENT: no such file or directory, open '/root/web_key/web/public/upload/undefined'

2021-11-26 15:13:23: 
  Error: ENOENT: no such file or directory, open '/root/web_key/web/public/upload/undefined'

2021-11-30 01:34:53: [ioredis] Unhandled error event: Error: read ECONNRESET
    at TCP.onStreamRead (internal/stream_base_commons.js:205:27)
2021-11-30 01:35:03: [ioredis] Unhandled error event: Error: connect ETIMEDOUT
    at Socket.<anonymous> (/root/web_key/web/node_modules/ioredis/built/redis/index.js:308:37)
    at Object.onceWrapper (events.js:421:28)
    at Socket.emit (events.js:315:20)
    at Socket.EventEmitter.emit (domain.js:482:12)
    at Socket._onTimeout (net.js:481:8)
    at listOnTimeout (internal/timers.js:549:17)
    at processTimers (internal/timers.js:492:7)
2021-12-01 21:43:58: 
  Error: ENOENT: no such file or directory, open '/root/web_key/web/public/upload/undefined'

2021-12-03 23:46:48: 
  Error: ENOENT: no such file or directory, open '/root/web_key/web/public/upload/undefined'

2021-12-04 00:13:01: 
  Error: ENOENT: no such file or directory, open '/root/web_key/web/public/upload/undefined'

2021-12-04 00:14:35: 
  Error: ENOENT: no such file or directory, open '/root/web_key/web/public/upload/undefined'

2021-12-04 03:42:11: 
  Error: ENOENT: no such file or directory, open '/root/web_key/web/public/upload/undefined'

2021-12-04 20:26:55: 
  Error: ENOENT: no such file or directory, open '/root/web_key/web/public/upload/undefined'

2021-12-04 20:37:12: 
  Error: ENOENT: no such file or directory, open '/root/web_key/web/public/upload/undefined'

2021-12-06 03:18:30: 
  Error: ENOENT: no such file or directory, open '/root/web_key/web/public/upload/undefined'

2021-12-06 03:18:41: 
  Error: ENOENT: no such file or directory, open '/root/web_key/web/public/upload/undefined'

2021-12-06 09:17:09: 
  Error: ENOENT: no such file or directory, open '/root/web_key/web/public/upload/undefined'

2021-12-07 00:47:38: 
  Error: ENOENT: no such file or directory, open '/root/web_key/web/public/upload/undefined'

2021-12-07 18:26:41: 
  Error: ENOENT: no such file or directory, open '/root/web_key/web/public/upload/undefined'

2021-12-08 16:59:23: 
  Error: ENOENT: no such file or directory, open '/root/web_key/web/public/upload/undefined'

2021-12-08 18:41:35: 
  Error: ENOENT: no such file or directory, open '/root/web_key/web/public/upload/undefined'

2021-12-08 18:49:24: 
  Error: ENOENT: no such file or directory, open '/root/web_key/web/public/upload/undefined'

2021-12-11 15:47:42: 
  Error: ENOENT: no such file or directory, open '/root/web_key/web/public/upload/undefined'

2021-12-13 17:55:32: 
  Error: ENOENT: no such file or directory, open '/root/web_key/web/public/upload/undefined'

2021-12-13 17:55:35: 
  Error: ENOENT: no such file or directory, open '/root/web_key/web/public/upload/undefined'

2021-12-13 17:55:54: 
  Error: ENOENT: no such file or directory, open '/root/web_key/web/public/upload/undefined'

2021-12-14 14:18:21: 
  Error: ENOENT: no such file or directory, open '/root/web_key/web/public/upload/undefined'

2021-12-15 21:51:59: 
  Error: ENOENT: no such file or directory, open '/root/web_key/web/public/upload/undefined'

2021-12-15 21:54:28: 
  Error: ENOENT: no such file or directory, open '/root/web_key/web/public/upload/undefined'

2021-12-15 21:55:11: 
  Error: ENOENT: no such file or directory, open '/root/web_key/web/public/upload/undefined'

2021-12-16 15:48:14: 
  Error: ENOENT: no such file or directory, open '/root/web_key/web/public/upload/undefined'

2021-12-17 00:16:55: 
  Error: ENOENT: no such file or directory, open '/root/web_key/web/public/upload/undefined'

2021-12-17 07:27:08: [ioredis] Unhandled error event: Error: read ECONNRESET
    at TCP.onStreamRead (internal/stream_base_commons.js:205:27)
2021-12-26 00:21:07: 
  Error: ENOENT: no such file or directory, open '/root/web_key/web/public/upload/undefined'

2021-12-26 00:26:34: 
  Error: ENOENT: no such file or directory, open '/root/web_key/web/public/upload/undefined'

2021-12-26 04:50:57: 
  Error: ENOENT: no such file or directory, open '/root/web_key/web/public/upload/undefined'

2021-12-26 10:45:31: 
  Error: ENOENT: no such file or directory, open '/root/web_key/web/public/upload/undefined'

2021-12-26 11:06:30: 
  Error: ENOENT: no such file or directory, open '/root/web_key/web/public/upload/undefined'

2021-12-26 12:54:34: 
  Error: ENOENT: no such file or directory, open '/root/web_key/web/public/upload/undefined'

2021-12-26 19:51:10: 
  Error: ENOENT: no such file or directory, open '/root/web_key/web/public/upload/undefined'

2021-12-26 19:56:28: 
  Error: ENOENT: no such file or directory, open '/root/web_key/web/public/upload/undefined'

2021-12-26 19:58:42: 
  Error: ENOENT: no such file or directory, open '/root/web_key/web/public/upload/undefined'

2021-12-26 20:00:11: 
  Error: ENOENT: no such file or directory, open '/root/web_key/web/public/upload/undefined'

2021-12-26 20:01:12: 
  Error: ENOENT: no such file or directory, open '/root/web_key/web/public/upload/undefined'

2021-12-26 20:08:31: 
  Error: ENOENT: no such file or directory, open '/root/web_key/web/public/upload/undefined'

2021-12-26 20:09:26: 
  Error: ENOENT: no such file or directory, open '/root/web_key/web/public/upload/undefined'

2021-12-26 20:23:59: 
  Error: ENOENT: no such file or directory, open '/root/web_key/web/public/upload/undefined'

2021-12-26 20:25:28: 
  Error: ENOENT: no such file or directory, open '/root/web_key/web/public/upload/undefined'

2021-12-26 20:26:39: 
  Error: ENOENT: no such file or directory, open '/root/web_key/web/public/upload/undefined'

2021-12-26 20:27:14: 
  Error: ENOENT: no such file or directory, open '/root/web_key/web/public/upload/undefined'

2021-12-26 20:27:18: 
  Error: ENOENT: no such file or directory, open '/root/web_key/web/public/upload/undefined'

2021-12-26 20:27:52: 
  Error: ENOENT: no such file or directory, open '/root/web_key/web/public/upload/undefined'

2021-12-26 20:28:29: 
  Error: ENOENT: no such file or directory, open '/root/web_key/web/public/upload/undefined'

2021-12-26 20:29:06: 
  Error: ENOENT: no such file or directory, open '/root/web_key/web/public/upload/undefined'

2021-12-26 20:31:02: 
  Error: ENOENT: no such file or directory, open '/root/web_key/web/public/upload/undefined'

2021-12-26 20:31:06: 
  Error: ENOENT: no such file or directory, open '/root/web_key/web/public/upload/undefined'

2021-12-26 20:34:05: 
  Error: ENOENT: no such file or directory, open '/root/web_key/web/public/upload/undefined'

2021-12-26 20:40:18: 
  Error: ENOENT: no such file or directory, open '/root/web_key/web/public/upload/undefined'

2021-12-26 20:45:04: 
  Error: ENOENT: no such file or directory, open '/root/web_key/web/public/upload/undefined'

2021-12-26 20:45:49: 
  Error: ENOENT: no such file or directory, open '/root/web_key/web/public/upload/undefined'

2021-12-26 20:46:01: 
  Error: ENOENT: no such file or directory, open '/root/web_key/web/public/upload/undefined'

2021-12-26 20:46:31: 
  Error: ENOENT: no such file or directory, open '/root/web_key/web/public/upload/undefined'

2021-12-26 20:53:37: 
  Error: ENOENT: no such file or directory, open '/root/web_key/web/public/upload/undefined'

2021-12-27 12:33:42: 
  Error: ENOENT: no such file or directory, open '/root/web_key/web/public/upload/undefined'

2021-12-27 13:39:10: 
  Error: ENOENT: no such file or directory, open '/root/web_key/web/public/upload/undefined'

2021-12-27 13:41:48: 
  Error: ENOENT: no such file or directory, open '/root/web_key/web/public/upload/undefined'

2021-12-28 04:30:43: [ioredis] Unhandled error event: Error: read ECONNRESET
    at TCP.onStreamRead (internal/stream_base_commons.js:205:27)
2021-12-31 01:28:14: 
  Error: ENOENT: no such file or directory, open '/root/web_key/web/public/upload/undefined'

2021-12-31 10:05:54: 
  Error: ENOENT: no such file or directory, open '/root/web_key/web/public/upload/undefined'

2021-12-31 10:07:21: 
  Error: ENOENT: no such file or directory, open '/root/web_key/web/public/upload/undefined'

2021-12-31 11:57:24: 
  Error: ENOENT: no such file or directory, open '/root/web_key/web/public/upload/undefined'

2021-12-31 11:59:51: 
  Error: ENOENT: no such file or directory, open '/root/web_key/web/public/upload/undefined'

2021-12-31 12:00:20: 
  Error: ENOENT: no such file or directory, open '/root/web_key/web/public/upload/undefined'

2021-12-31 12:01:49: 
  Error: ENOENT: no such file or directory, open '/root/web_key/web/public/upload/undefined'

2022-01-01 13:44:59: 
  Error: ENOENT: no such file or directory, open '/root/web_key/web/public/upload/undefined'

2022-01-01 13:45:23: 
  Error: ENOENT: no such file or directory, open '/root/web_key/web/public/upload/undefined'

2022-01-16 15:14:15: 
  Error: ENOENT: no such file or directory, open '/root/web_key/web/public/upload/undefined'

