2021-11-15 08:31:49: [ioredis] Unhandled error event: Error: read ECONNRESET
    at TCP.onStreamRead (internal/stream_base_commons.js:205:27)
2022-03-15 17:30:35: 
  Error: write EPIPE
      at WriteWrap.onWriteComplete [as oncomplete] (internal/stream_base_commons.js:92:16)

2022-03-16 02:03:46: 
  Error: write ECONNRESET
      at afterWriteDispatched (internal/stream_base_commons.js:154:25)
      at writevGeneric (internal/stream_base_commons.js:137:3)
      at Socket._writeGeneric (net.js:784:11)
      at Socket._writev (net.js:793:8)
      at doWrite (_stream_writable.js:401:12)
      at clearBuffer (_stream_writable.js:519:5)
      at Socket.Writable.uncork (_stream_writable.js:338:7)
      at ServerResponse.end (_http_outgoing.js:774:17)
      at respond (/root/web_key/web/node_modules/koa/lib/application.js:274:7)
      at handleResponse (/root/web_key/web/node_modules/koa/lib/application.js:166:34)
      at processTicksAndRejections (internal/process/task_queues.js:97:5)

2022-03-16 03:19:40: 
  Error: write ECONNRESET
      at afterWriteDispatched (internal/stream_base_commons.js:154:25)
      at writevGeneric (internal/stream_base_commons.js:137:3)
      at Socket._writeGeneric (net.js:784:11)
      at Socket._writev (net.js:793:8)
      at doWrite (_stream_writable.js:401:12)
      at clearBuffer (_stream_writable.js:519:5)
      at Socket.Writable.uncork (_stream_writable.js:338:7)
      at ServerResponse.end (_http_outgoing.js:774:17)
      at respond (/root/web_key/web/node_modules/koa/lib/application.js:274:7)
      at handleResponse (/root/web_key/web/node_modules/koa/lib/application.js:166:34)
      at processTicksAndRejections (internal/process/task_queues.js:97:5)

2022-03-16 03:19:41: 
  Error: write ECONNRESET
      at afterWriteDispatched (internal/stream_base_commons.js:154:25)
      at writevGeneric (internal/stream_base_commons.js:137:3)
      at Socket._writeGeneric (net.js:784:11)
      at Socket._writev (net.js:793:8)
      at doWrite (_stream_writable.js:401:12)
      at clearBuffer (_stream_writable.js:519:5)
      at Socket.Writable.uncork (_stream_writable.js:338:7)
      at ServerResponse.end (_http_outgoing.js:774:17)
      at respond (/root/web_key/web/node_modules/koa/lib/application.js:274:7)
      at handleResponse (/root/web_key/web/node_modules/koa/lib/application.js:166:34)
      at processTicksAndRejections (internal/process/task_queues.js:97:5)

2022-03-16 03:19:43: 
  Error: write ECONNRESET
      at afterWriteDispatched (internal/stream_base_commons.js:154:25)
      at writevGeneric (internal/stream_base_commons.js:137:3)
      at Socket._writeGeneric (net.js:784:11)
      at Socket._writev (net.js:793:8)
      at doWrite (_stream_writable.js:401:12)
      at clearBuffer (_stream_writable.js:519:5)
      at Socket.Writable.uncork (_stream_writable.js:338:7)
      at ServerResponse.end (_http_outgoing.js:774:17)
      at respond (/root/web_key/web/node_modules/koa/lib/application.js:274:7)
      at handleResponse (/root/web_key/web/node_modules/koa/lib/application.js:166:34)
      at processTicksAndRejections (internal/process/task_queues.js:97:5)

2022-03-16 03:19:44: 
  Error: write ECONNRESET
      at afterWriteDispatched (internal/stream_base_commons.js:154:25)
      at writevGeneric (internal/stream_base_commons.js:137:3)
      at Socket._writeGeneric (net.js:784:11)
      at Socket._writev (net.js:793:8)
      at doWrite (_stream_writable.js:401:12)
      at clearBuffer (_stream_writable.js:519:5)
      at Socket.Writable.uncork (_stream_writable.js:338:7)
      at ServerResponse.end (_http_outgoing.js:774:17)
      at respond (/root/web_key/web/node_modules/koa/lib/application.js:274:7)
      at handleResponse (/root/web_key/web/node_modules/koa/lib/application.js:166:34)
      at processTicksAndRejections (internal/process/task_queues.js:97:5)

2022-03-16 05:15:23: 
  Error: write ECONNRESET
      at afterWriteDispatched (internal/stream_base_commons.js:154:25)
      at writevGeneric (internal/stream_base_commons.js:137:3)
      at Socket._writeGeneric (net.js:784:11)
      at Socket._writev (net.js:793:8)
      at doWrite (_stream_writable.js:401:12)
      at clearBuffer (_stream_writable.js:519:5)
      at Socket.Writable.uncork (_stream_writable.js:338:7)
      at ServerResponse.end (_http_outgoing.js:774:17)
      at respond (/root/web_key/web/node_modules/koa/lib/application.js:274:7)
      at handleResponse (/root/web_key/web/node_modules/koa/lib/application.js:166:34)
      at processTicksAndRejections (internal/process/task_queues.js:97:5)

2022-03-16 08:36:41: 
  Error: write EPIPE
      at WriteWrap.onWriteComplete [as oncomplete] (internal/stream_base_commons.js:92:16)

2022-03-16 08:36:44: 
  Error: read ECONNRESET
      at TCP.onStreamRead (internal/stream_base_commons.js:205:27)

2022-03-16 08:38:07: 
  Error: write EPIPE
      at WriteWrap.onWriteComplete [as oncomplete] (internal/stream_base_commons.js:92:16)

2022-03-16 08:38:15: 
  Error: write EPIPE
      at WriteWrap.onWriteComplete [as oncomplete] (internal/stream_base_commons.js:92:16)

2022-03-16 08:38:23: 
  Error: write EPIPE
      at WriteWrap.onWriteComplete [as oncomplete] (internal/stream_base_commons.js:92:16)

2022-03-16 08:39:22: 
  Error: write EPIPE
      at WriteWrap.onWriteComplete [as oncomplete] (internal/stream_base_commons.js:92:16)

2022-03-16 08:41:01: 
  Error: read ECONNRESET
      at TCP.onStreamRead (internal/stream_base_commons.js:205:27)

2022-03-16 08:43:18: 
  Error: read ECONNRESET
      at TCP.onStreamRead (internal/stream_base_commons.js:205:27)

2022-03-16 08:43:29: 
  Error: read ECONNRESET
      at TCP.onStreamRead (internal/stream_base_commons.js:205:27)

2022-03-16 08:43:40: 
  Error: read ECONNRESET
      at TCP.onStreamRead (internal/stream_base_commons.js:205:27)

2022-03-16 08:45:33: 
  Error: read ECONNRESET
      at TCP.onStreamRead (internal/stream_base_commons.js:205:27)

2022-03-16 08:48:55: 
  Error: read ECONNRESET
      at TCP.onStreamRead (internal/stream_base_commons.js:205:27)

2022-03-17 03:26:09: 
  Error: write ECONNRESET
      at afterWriteDispatched (internal/stream_base_commons.js:154:25)
      at writevGeneric (internal/stream_base_commons.js:137:3)
      at Socket._writeGeneric (net.js:784:11)
      at Socket._writev (net.js:793:8)
      at doWrite (_stream_writable.js:401:12)
      at clearBuffer (_stream_writable.js:519:5)
      at Socket.Writable.uncork (_stream_writable.js:338:7)
      at ServerResponse.end (_http_outgoing.js:774:17)
      at respond (/root/web_key/web/node_modules/koa/lib/application.js:274:7)
      at handleResponse (/root/web_key/web/node_modules/koa/lib/application.js:166:34)
      at runMicrotasks (<anonymous>)
      at processTicksAndRejections (internal/process/task_queues.js:97:5)

2022-03-17 03:26:13: 
  Error: write ECONNRESET
      at afterWriteDispatched (internal/stream_base_commons.js:154:25)
      at writevGeneric (internal/stream_base_commons.js:137:3)
      at Socket._writeGeneric (net.js:784:11)
      at Socket._writev (net.js:793:8)
      at doWrite (_stream_writable.js:401:12)
      at clearBuffer (_stream_writable.js:519:5)
      at Socket.Writable.uncork (_stream_writable.js:338:7)
      at ServerResponse.end (_http_outgoing.js:774:17)
      at respond (/root/web_key/web/node_modules/koa/lib/application.js:274:7)
      at handleResponse (/root/web_key/web/node_modules/koa/lib/application.js:166:34)
      at runMicrotasks (<anonymous>)
      at processTicksAndRejections (internal/process/task_queues.js:97:5)

2022-03-17 03:26:13: 
  Error: write ECONNRESET
      at afterWriteDispatched (internal/stream_base_commons.js:154:25)
      at writevGeneric (internal/stream_base_commons.js:137:3)
      at Socket._writeGeneric (net.js:784:11)
      at Socket._writev (net.js:793:8)
      at doWrite (_stream_writable.js:401:12)
      at clearBuffer (_stream_writable.js:519:5)
      at Socket.Writable.uncork (_stream_writable.js:338:7)
      at ServerResponse.end (_http_outgoing.js:774:17)
      at respond (/root/web_key/web/node_modules/koa/lib/application.js:274:7)
      at handleResponse (/root/web_key/web/node_modules/koa/lib/application.js:166:34)
      at runMicrotasks (<anonymous>)
      at processTicksAndRejections (internal/process/task_queues.js:97:5)

2022-03-17 03:26:14: 
  Error: write ECONNRESET
      at afterWriteDispatched (internal/stream_base_commons.js:154:25)
      at writevGeneric (internal/stream_base_commons.js:137:3)
      at Socket._writeGeneric (net.js:784:11)
      at Socket._writev (net.js:793:8)
      at doWrite (_stream_writable.js:401:12)
      at clearBuffer (_stream_writable.js:519:5)
      at Socket.Writable.uncork (_stream_writable.js:338:7)
      at ServerResponse.end (_http_outgoing.js:774:17)
      at respond (/root/web_key/web/node_modules/koa/lib/application.js:274:7)
      at handleResponse (/root/web_key/web/node_modules/koa/lib/application.js:166:34)
      at runMicrotasks (<anonymous>)
      at processTicksAndRejections (internal/process/task_queues.js:97:5)

2022-03-17 13:04:30: 
  Error: read ECONNRESET
      at TCP.onStreamRead (internal/stream_base_commons.js:205:27)

2022-03-17 13:59:47: 
  Error: write ECONNRESET
      at afterWriteDispatched (internal/stream_base_commons.js:154:25)
      at writevGeneric (internal/stream_base_commons.js:137:3)
      at Socket._writeGeneric (net.js:784:11)
      at Socket._writev (net.js:793:8)
      at doWrite (_stream_writable.js:401:12)
      at clearBuffer (_stream_writable.js:519:5)
      at Socket.Writable.uncork (_stream_writable.js:338:7)
      at ServerResponse.end (_http_outgoing.js:774:17)
      at respond (/root/web_key/web/node_modules/koa/lib/application.js:274:7)
      at handleResponse (/root/web_key/web/node_modules/koa/lib/application.js:166:34)
      at runMicrotasks (<anonymous>)
      at processTicksAndRejections (internal/process/task_queues.js:97:5)

2022-03-17 13:59:48: 
  Error: write ECONNRESET
      at afterWriteDispatched (internal/stream_base_commons.js:154:25)
      at writevGeneric (internal/stream_base_commons.js:137:3)
      at Socket._writeGeneric (net.js:784:11)
      at Socket._writev (net.js:793:8)
      at doWrite (_stream_writable.js:401:12)
      at clearBuffer (_stream_writable.js:519:5)
      at Socket.Writable.uncork (_stream_writable.js:338:7)
      at ServerResponse.end (_http_outgoing.js:774:17)
      at respond (/root/web_key/web/node_modules/koa/lib/application.js:274:7)
      at handleResponse (/root/web_key/web/node_modules/koa/lib/application.js:166:34)
      at runMicrotasks (<anonymous>)
      at processTicksAndRejections (internal/process/task_queues.js:97:5)

2022-03-17 13:59:49: 
  Error: write ECONNRESET
      at afterWriteDispatched (internal/stream_base_commons.js:154:25)
      at writevGeneric (internal/stream_base_commons.js:137:3)
      at Socket._writeGeneric (net.js:784:11)
      at Socket._writev (net.js:793:8)
      at doWrite (_stream_writable.js:401:12)
      at clearBuffer (_stream_writable.js:519:5)
      at Socket.Writable.uncork (_stream_writable.js:338:7)
      at ServerResponse.end (_http_outgoing.js:774:17)
      at respond (/root/web_key/web/node_modules/koa/lib/application.js:274:7)
      at handleResponse (/root/web_key/web/node_modules/koa/lib/application.js:166:34)
      at runMicrotasks (<anonymous>)
      at processTicksAndRejections (internal/process/task_queues.js:97:5)

2022-03-17 13:59:51: 
  Error: write ECONNRESET
      at afterWriteDispatched (internal/stream_base_commons.js:154:25)
      at writevGeneric (internal/stream_base_commons.js:137:3)
      at Socket._writeGeneric (net.js:784:11)
      at Socket._writev (net.js:793:8)
      at doWrite (_stream_writable.js:401:12)
      at clearBuffer (_stream_writable.js:519:5)
      at Socket.Writable.uncork (_stream_writable.js:338:7)
      at ServerResponse.end (_http_outgoing.js:774:17)
      at respond (/root/web_key/web/node_modules/koa/lib/application.js:274:7)
      at handleResponse (/root/web_key/web/node_modules/koa/lib/application.js:166:34)
      at runMicrotasks (<anonymous>)
      at processTicksAndRejections (internal/process/task_queues.js:97:5)

2022-03-17 13:59:51: 
  Error: write ECONNRESET
      at afterWriteDispatched (internal/stream_base_commons.js:154:25)
      at writevGeneric (internal/stream_base_commons.js:137:3)
      at Socket._writeGeneric (net.js:784:11)
      at Socket._writev (net.js:793:8)
      at doWrite (_stream_writable.js:401:12)
      at clearBuffer (_stream_writable.js:519:5)
      at Socket.Writable.uncork (_stream_writable.js:338:7)
      at ServerResponse.end (_http_outgoing.js:774:17)
      at respond (/root/web_key/web/node_modules/koa/lib/application.js:274:7)
      at handleResponse (/root/web_key/web/node_modules/koa/lib/application.js:166:34)
      at runMicrotasks (<anonymous>)
      at processTicksAndRejections (internal/process/task_queues.js:97:5)

2022-03-17 16:45:59: 
  Error: write ECONNRESET
      at afterWriteDispatched (internal/stream_base_commons.js:154:25)
      at writevGeneric (internal/stream_base_commons.js:137:3)
      at Socket._writeGeneric (net.js:784:11)
      at Socket._writev (net.js:793:8)
      at doWrite (_stream_writable.js:401:12)
      at clearBuffer (_stream_writable.js:519:5)
      at Socket.Writable.uncork (_stream_writable.js:338:7)
      at ServerResponse.end (_http_outgoing.js:774:17)
      at respond (/root/web_key/web/node_modules/koa/lib/application.js:274:7)
      at handleResponse (/root/web_key/web/node_modules/koa/lib/application.js:166:34)
      at runMicrotasks (<anonymous>)
      at processTicksAndRejections (internal/process/task_queues.js:97:5)

2022-03-17 18:58:55: 
  Error: write ECONNRESET
      at afterWriteDispatched (internal/stream_base_commons.js:154:25)
      at writevGeneric (internal/stream_base_commons.js:137:3)
      at Socket._writeGeneric (net.js:784:11)
      at Socket._writev (net.js:793:8)
      at doWrite (_stream_writable.js:401:12)
      at clearBuffer (_stream_writable.js:519:5)
      at Socket.Writable.uncork (_stream_writable.js:338:7)
      at ServerResponse.end (_http_outgoing.js:774:17)
      at respond (/root/web_key/web/node_modules/koa/lib/application.js:274:7)
      at handleResponse (/root/web_key/web/node_modules/koa/lib/application.js:166:34)
      at runMicrotasks (<anonymous>)
      at processTicksAndRejections (internal/process/task_queues.js:97:5)

2022-03-17 18:59:00: 
  Error: write ECONNRESET
      at afterWriteDispatched (internal/stream_base_commons.js:154:25)
      at writevGeneric (internal/stream_base_commons.js:137:3)
      at Socket._writeGeneric (net.js:784:11)
      at Socket._writev (net.js:793:8)
      at doWrite (_stream_writable.js:401:12)
      at clearBuffer (_stream_writable.js:519:5)
      at Socket.Writable.uncork (_stream_writable.js:338:7)
      at ServerResponse.end (_http_outgoing.js:774:17)
      at respond (/root/web_key/web/node_modules/koa/lib/application.js:274:7)
      at handleResponse (/root/web_key/web/node_modules/koa/lib/application.js:166:34)
      at runMicrotasks (<anonymous>)
      at processTicksAndRejections (internal/process/task_queues.js:97:5)

2022-03-17 18:59:00: 
  Error: write ECONNRESET
      at afterWriteDispatched (internal/stream_base_commons.js:154:25)
      at writevGeneric (internal/stream_base_commons.js:137:3)
      at Socket._writeGeneric (net.js:784:11)
      at Socket._writev (net.js:793:8)
      at doWrite (_stream_writable.js:401:12)
      at clearBuffer (_stream_writable.js:519:5)
      at Socket.Writable.uncork (_stream_writable.js:338:7)
      at ServerResponse.end (_http_outgoing.js:774:17)
      at respond (/root/web_key/web/node_modules/koa/lib/application.js:274:7)
      at handleResponse (/root/web_key/web/node_modules/koa/lib/application.js:166:34)
      at runMicrotasks (<anonymous>)
      at processTicksAndRejections (internal/process/task_queues.js:97:5)

2022-03-17 18:59:01: 
  Error: write ECONNRESET
      at afterWriteDispatched (internal/stream_base_commons.js:154:25)
      at writevGeneric (internal/stream_base_commons.js:137:3)
      at Socket._writeGeneric (net.js:784:11)
      at Socket._writev (net.js:793:8)
      at doWrite (_stream_writable.js:401:12)
      at clearBuffer (_stream_writable.js:519:5)
      at Socket.Writable.uncork (_stream_writable.js:338:7)
      at ServerResponse.end (_http_outgoing.js:774:17)
      at respond (/root/web_key/web/node_modules/koa/lib/application.js:274:7)
      at handleResponse (/root/web_key/web/node_modules/koa/lib/application.js:166:34)
      at runMicrotasks (<anonymous>)
      at processTicksAndRejections (internal/process/task_queues.js:97:5)

2022-03-18 04:01:30: 
  Error: write ECONNRESET
      at afterWriteDispatched (internal/stream_base_commons.js:154:25)
      at writevGeneric (internal/stream_base_commons.js:137:3)
      at Socket._writeGeneric (net.js:784:11)
      at Socket._writev (net.js:793:8)
      at doWrite (_stream_writable.js:401:12)
      at clearBuffer (_stream_writable.js:519:5)
      at Socket.Writable.uncork (_stream_writable.js:338:7)
      at ServerResponse.end (_http_outgoing.js:774:17)
      at respond (/root/web_key/web/node_modules/koa/lib/application.js:274:7)
      at handleResponse (/root/web_key/web/node_modules/koa/lib/application.js:166:34)
      at runMicrotasks (<anonymous>)
      at processTicksAndRejections (internal/process/task_queues.js:97:5)

2022-03-19 08:14:19: 
  Error: write ECONNRESET
      at afterWriteDispatched (internal/stream_base_commons.js:154:25)
      at writevGeneric (internal/stream_base_commons.js:137:3)
      at Socket._writeGeneric (net.js:784:11)
      at Socket._writev (net.js:793:8)
      at doWrite (_stream_writable.js:401:12)
      at clearBuffer (_stream_writable.js:519:5)
      at Socket.Writable.uncork (_stream_writable.js:338:7)
      at ServerResponse.end (_http_outgoing.js:774:17)
      at respond (/root/web_key/web/node_modules/koa/lib/application.js:274:7)
      at handleResponse (/root/web_key/web/node_modules/koa/lib/application.js:166:34)
      at runMicrotasks (<anonymous>)
      at processTicksAndRejections (internal/process/task_queues.js:97:5)

2022-03-19 08:14:21: 
  Error: write ECONNRESET
      at afterWriteDispatched (internal/stream_base_commons.js:154:25)
      at writevGeneric (internal/stream_base_commons.js:137:3)
      at Socket._writeGeneric (net.js:784:11)
      at Socket._writev (net.js:793:8)
      at doWrite (_stream_writable.js:401:12)
      at clearBuffer (_stream_writable.js:519:5)
      at Socket.Writable.uncork (_stream_writable.js:338:7)
      at ServerResponse.end (_http_outgoing.js:774:17)
      at respond (/root/web_key/web/node_modules/koa/lib/application.js:274:7)
      at handleResponse (/root/web_key/web/node_modules/koa/lib/application.js:166:34)
      at runMicrotasks (<anonymous>)
      at processTicksAndRejections (internal/process/task_queues.js:97:5)

2022-03-19 08:14:21: 
  Error: write ECONNRESET
      at afterWriteDispatched (internal/stream_base_commons.js:154:25)
      at writevGeneric (internal/stream_base_commons.js:137:3)
      at Socket._writeGeneric (net.js:784:11)
      at Socket._writev (net.js:793:8)
      at doWrite (_stream_writable.js:401:12)
      at clearBuffer (_stream_writable.js:519:5)
      at Socket.Writable.uncork (_stream_writable.js:338:7)
      at ServerResponse.end (_http_outgoing.js:774:17)
      at respond (/root/web_key/web/node_modules/koa/lib/application.js:274:7)
      at handleResponse (/root/web_key/web/node_modules/koa/lib/application.js:166:34)
      at runMicrotasks (<anonymous>)
      at processTicksAndRejections (internal/process/task_queues.js:97:5)

2022-03-19 08:14:23: 
  Error: write ECONNRESET
      at afterWriteDispatched (internal/stream_base_commons.js:154:25)
      at writevGeneric (internal/stream_base_commons.js:137:3)
      at Socket._writeGeneric (net.js:784:11)
      at Socket._writev (net.js:793:8)
      at doWrite (_stream_writable.js:401:12)
      at clearBuffer (_stream_writable.js:519:5)
      at Socket.Writable.uncork (_stream_writable.js:338:7)
      at ServerResponse.end (_http_outgoing.js:774:17)
      at respond (/root/web_key/web/node_modules/koa/lib/application.js:274:7)
      at handleResponse (/root/web_key/web/node_modules/koa/lib/application.js:166:34)
      at runMicrotasks (<anonymous>)
      at processTicksAndRejections (internal/process/task_queues.js:97:5)

2022-03-19 08:14:24: 
  Error: write ECONNRESET
      at afterWriteDispatched (internal/stream_base_commons.js:154:25)
      at writevGeneric (internal/stream_base_commons.js:137:3)
      at Socket._writeGeneric (net.js:784:11)
      at Socket._writev (net.js:793:8)
      at doWrite (_stream_writable.js:401:12)
      at clearBuffer (_stream_writable.js:519:5)
      at Socket.Writable.uncork (_stream_writable.js:338:7)
      at ServerResponse.end (_http_outgoing.js:774:17)
      at respond (/root/web_key/web/node_modules/koa/lib/application.js:274:7)
      at handleResponse (/root/web_key/web/node_modules/koa/lib/application.js:166:34)
      at runMicrotasks (<anonymous>)
      at processTicksAndRejections (internal/process/task_queues.js:97:5)

2022-03-20 22:36:03: 
  Error: write ECONNRESET
      at afterWriteDispatched (internal/stream_base_commons.js:154:25)
      at writevGeneric (internal/stream_base_commons.js:137:3)
      at Socket._writeGeneric (net.js:784:11)
      at Socket._writev (net.js:793:8)
      at doWrite (_stream_writable.js:401:12)
      at clearBuffer (_stream_writable.js:519:5)
      at Socket.Writable.uncork (_stream_writable.js:338:7)
      at ServerResponse.end (_http_outgoing.js:774:17)
      at respond (/root/web_key/web/node_modules/koa/lib/application.js:274:7)
      at handleResponse (/root/web_key/web/node_modules/koa/lib/application.js:166:34)
      at runMicrotasks (<anonymous>)
      at processTicksAndRejections (internal/process/task_queues.js:97:5)

2022-03-21 16:41:35: 
  Error: write ECONNRESET
      at afterWriteDispatched (internal/stream_base_commons.js:154:25)
      at writevGeneric (internal/stream_base_commons.js:137:3)
      at Socket._writeGeneric (net.js:784:11)
      at Socket._writev (net.js:793:8)
      at doWrite (_stream_writable.js:401:12)
      at clearBuffer (_stream_writable.js:519:5)
      at Socket.Writable.uncork (_stream_writable.js:338:7)
      at ServerResponse.end (_http_outgoing.js:774:17)
      at respond (/root/web_key/web/node_modules/koa/lib/application.js:274:7)
      at handleResponse (/root/web_key/web/node_modules/koa/lib/application.js:166:34)
      at runMicrotasks (<anonymous>)
      at processTicksAndRejections (internal/process/task_queues.js:97:5)

2022-03-23 05:33:17: 
  Error: write ECONNRESET
      at afterWriteDispatched (internal/stream_base_commons.js:154:25)
      at writevGeneric (internal/stream_base_commons.js:137:3)
      at Socket._writeGeneric (net.js:784:11)
      at Socket._writev (net.js:793:8)
      at doWrite (_stream_writable.js:401:12)
      at clearBuffer (_stream_writable.js:519:5)
      at Socket.Writable.uncork (_stream_writable.js:338:7)
      at ServerResponse.end (_http_outgoing.js:774:17)
      at respond (/root/web_key/web/node_modules/koa/lib/application.js:274:7)
      at handleResponse (/root/web_key/web/node_modules/koa/lib/application.js:166:34)
      at runMicrotasks (<anonymous>)
      at processTicksAndRejections (internal/process/task_queues.js:97:5)

2022-03-23 19:24:18: 
  Error: write ECONNRESET
      at afterWriteDispatched (internal/stream_base_commons.js:154:25)
      at writevGeneric (internal/stream_base_commons.js:137:3)
      at Socket._writeGeneric (net.js:784:11)
      at Socket._writev (net.js:793:8)
      at doWrite (_stream_writable.js:401:12)
      at clearBuffer (_stream_writable.js:519:5)
      at Socket.Writable.uncork (_stream_writable.js:338:7)
      at ServerResponse.end (_http_outgoing.js:774:17)
      at respond (/root/web_key/web/node_modules/koa/lib/application.js:274:7)
      at handleResponse (/root/web_key/web/node_modules/koa/lib/application.js:166:34)
      at runMicrotasks (<anonymous>)
      at processTicksAndRejections (internal/process/task_queues.js:97:5)

2022-03-24 12:07:51: 
  Error: write ECONNRESET
      at afterWriteDispatched (internal/stream_base_commons.js:154:25)
      at writevGeneric (internal/stream_base_commons.js:137:3)
      at Socket._writeGeneric (net.js:784:11)
      at Socket._writev (net.js:793:8)
      at doWrite (_stream_writable.js:401:12)
      at clearBuffer (_stream_writable.js:519:5)
      at Socket.Writable.uncork (_stream_writable.js:338:7)
      at ServerResponse.end (_http_outgoing.js:774:17)
      at respond (/root/web_key/web/node_modules/koa/lib/application.js:274:7)
      at handleResponse (/root/web_key/web/node_modules/koa/lib/application.js:166:34)
      at runMicrotasks (<anonymous>)
      at processTicksAndRejections (internal/process/task_queues.js:97:5)

2022-03-30 21:09:48: [ioredis] Unhandled error event: Error: read ECONNRESET
    at TCP.onStreamRead (internal/stream_base_commons.js:205:27)
2022-04-02 08:25:51: 
  Error: write ECONNRESET
      at afterWriteDispatched (internal/stream_base_commons.js:154:25)
      at writevGeneric (internal/stream_base_commons.js:137:3)
      at Socket._writeGeneric (net.js:784:11)
      at Socket._writev (net.js:793:8)
      at doWrite (_stream_writable.js:401:12)
      at clearBuffer (_stream_writable.js:519:5)
      at Socket.Writable.uncork (_stream_writable.js:338:7)
      at ServerResponse.end (_http_outgoing.js:774:17)
      at respond (/root/web_key/web/node_modules/koa/lib/application.js:274:7)
      at handleResponse (/root/web_key/web/node_modules/koa/lib/application.js:166:34)
      at runMicrotasks (<anonymous>)
      at processTicksAndRejections (internal/process/task_queues.js:97:5)

2022-04-02 08:54:48: 
  Error: write ECONNRESET
      at afterWriteDispatched (internal/stream_base_commons.js:154:25)
      at writevGeneric (internal/stream_base_commons.js:137:3)
      at Socket._writeGeneric (net.js:784:11)
      at Socket._writev (net.js:793:8)
      at doWrite (_stream_writable.js:401:12)
      at clearBuffer (_stream_writable.js:519:5)
      at Socket.Writable.uncork (_stream_writable.js:338:7)
      at ServerResponse.end (_http_outgoing.js:774:17)
      at respond (/root/web_key/web/node_modules/koa/lib/application.js:274:7)
      at handleResponse (/root/web_key/web/node_modules/koa/lib/application.js:166:34)
      at runMicrotasks (<anonymous>)
      at processTicksAndRejections (internal/process/task_queues.js:97:5)

2022-04-04 15:56:14: 
  Error: write ECONNRESET
      at afterWriteDispatched (internal/stream_base_commons.js:154:25)
      at writevGeneric (internal/stream_base_commons.js:137:3)
      at Socket._writeGeneric (net.js:784:11)
      at Socket._writev (net.js:793:8)
      at doWrite (_stream_writable.js:401:12)
      at clearBuffer (_stream_writable.js:519:5)
      at Socket.Writable.uncork (_stream_writable.js:338:7)
      at ServerResponse.end (_http_outgoing.js:774:17)
      at respond (/root/web_key/web/node_modules/koa/lib/application.js:274:7)
      at handleResponse (/root/web_key/web/node_modules/koa/lib/application.js:166:34)
      at runMicrotasks (<anonymous>)
      at processTicksAndRejections (internal/process/task_queues.js:97:5)

2022-04-07 15:57:04: 
  Error: write ECONNRESET
      at afterWriteDispatched (internal/stream_base_commons.js:154:25)
      at writevGeneric (internal/stream_base_commons.js:137:3)
      at Socket._writeGeneric (net.js:784:11)
      at Socket._writev (net.js:793:8)
      at doWrite (_stream_writable.js:401:12)
      at clearBuffer (_stream_writable.js:519:5)
      at Socket.Writable.uncork (_stream_writable.js:338:7)
      at ServerResponse.end (_http_outgoing.js:774:17)
      at respond (/root/web_key/web/node_modules/koa/lib/application.js:274:7)
      at handleResponse (/root/web_key/web/node_modules/koa/lib/application.js:166:34)
      at runMicrotasks (<anonymous>)
      at processTicksAndRejections (internal/process/task_queues.js:97:5)

2022-04-09 02:04:28: 
  Error: write ECONNRESET
      at afterWriteDispatched (internal/stream_base_commons.js:154:25)
      at writevGeneric (internal/stream_base_commons.js:137:3)
      at Socket._writeGeneric (net.js:784:11)
      at Socket._writev (net.js:793:8)
      at doWrite (_stream_writable.js:401:12)
      at clearBuffer (_stream_writable.js:519:5)
      at Socket.Writable.uncork (_stream_writable.js:338:7)
      at ServerResponse.end (_htt