2021-02-27 22:15:34: {
  port: 10001,
  password: 'Wh2319512282',
  host: '152.136.235.96',
  connectTimeout: 10000,
  db: 6
}
2021-02-27 22:15:35: 服务器开启成功!9092
2021-02-27 22:15:35: redis连接成功!
2021-03-04 16:19:23: {
  port: 10001,
  password: 'Wh2319512282',
  host: '152.136.235.96',
  connectTimeout: 10000,
  db: 6
}
2021-03-04 16:19:23: 服务器开启成功!9092
2021-03-04 16:19:23: redis连接成功!
2021-03-04 20:44:41: {
  port: 10001,
  password: 'Wh2319512282',
  host: '152.136.235.96',
  connectTimeout: 10000,
  db: 6
}
2021-03-04 20:44:41: 服务器开启成功!9092
2021-03-04 20:44:41: redis连接成功!
2021-03-04 20:52:24: {
  port: 10001,
  password: 'Wh2319512282',
  host: '152.136.235.96',
  connectTimeout: 10000,
  db: 6
}
2021-03-04 20:52:24: 服务器开启成功!9092
2021-03-04 20:52:24: redis连接成功!
2021-03-04 20:55:26: {
  port: 10001,
  password: 'Wh2319512282',
  host: '152.136.235.96',
  connectTimeout: 10000,
  db: 6
}
2021-03-04 20:55:26: 服务器开启成功!9092
2021-03-04 20:55:26: redis连接成功!
2021-03-04 20:55:40: undefined
2021-03-04 20:58:27: 0.0.1
2021-03-04 20:59:24: {
  port: 10001,
  password: 'Wh2319512282',
  host: '152.136.235.96',
  connectTimeout: 10000,
  db: 6
}
2021-03-04 20:59:25: 服务器开启成功!9092
2021-03-04 20:59:25: redis连接成功!
2021-03-04 21:05:30: 0.0.1
2021-03-04 21:05:41: 0.0.1
2021-03-04 21:21:05: 0.0.1
2021-03-04 21:22:09: 0.0.1
2021-03-04 21:22:25: 0.0.1
2021-03-05 01:00:38: 0.0.1
2021-03-06 01:03:41: 0.0.1
2021-03-06 16:08:52: 0.0.2
2021-03-06 16:13:09: 0.0.2
2021-03-06 16:20:30: 0.0.2
2021-03-06 16:25:39: 0.0.2
2021-03-06 16:33:18: 0.0.2
2021-03-06 16:55:18: 0.0.2
2021-03-06 16:55:22: 0.0.2
2021-03-06 17:08:15: 0.0.2
2021-03-06 17:09:37: 0.0.1
2021-03-06 17:14:51: 0.0.1
2021-03-06 17:21:32: 0.0.2
2021-03-06 17:21:36: 0.0.2
2021-03-06 17:22:04: 0.0.2
2021-03-06 17:22:43: 0.0.2
2021-03-06 17:34:04: 0.0.2
2021-03-07 01:10:10: 0.0.2
2021-03-07 01:14:20: 0.0.2
2021-03-08 01:21:53: 0.0.2
2021-03-09 00:47:17: 0.0.2
2021-03-09 19:21:21: 0.0.2
2021-03-10 01:01:48: 0.0.2
2021-03-12 01:02:46: 0.0.2
2021-03-12 15:58:31: 0.0.2
2021-03-12 16:19:06: 0.0.2
2021-03-12 16:19:52: 0.0.2
2021-03-12 16:24:53: 0.0.2
2021-03-12 16:32:42: 0.0.2
2021-03-12 16:40:05: 0.0.2
2021-03-12 16:40:46: 0.0.2
2021-03-12 16:40:50: 0.0.2
2021-03-12 16:41:15: 0.0.2
2021-03-12 16:42:53: 0.0.2
2021-03-12 16:43:43: 0.0.2
2021-03-12 16:45:03: 0.0.2
2021-03-12 16:45:12: 0.0.2
2021-03-12 16:47:11: 0.0.2
2021-03-12 16:47:16: 0.0.2
2021-03-12 16:47:19: 0.0.2
2021-03-12 16:47:39: 0.0.2
2021-03-12 16:47:48: 0.0.2
2021-03-12 16:48:06: 0.0.2
2021-03-12 16:51:07: 0.0.2
2021-03-12 17:00:02: 0.0.2
2021-03-12 17:00:07: 0.0.2
2021-03-12 17:02:07: 0.0.2
2021-03-12 17:03:21: 0.0.2
2021-03-12 17:12:30: 0.0.2
2021-03-12 17:12:52: 0.0.2
2021-03-12 17:12:55: 0.0.2
2021-03-12 17:13:39: 0.0.2
2021-03-12 17:14:05: 0.0.2
2021-03-12 17:17:51: 0.0.2
2021-03-12 17:19:52: 0.0.2
2021-03-12 21:56:48: 0.0.2
2021-03-12 21:57:27: 0.0.2
2021-03-13 01:07:34: 0.0.2
2021-03-13 01:22:00: 0.0.2
2021-03-13 01:25:05: 0.0.2
2021-03-13 01:25:53: 0.0.2
2021-03-13 01:28:20: 0.0.2
2021-03-13 04:02:25: 0.0.2
2021-03-13 06:43:46: 0.0.2
2021-03-13 07:21:27: 0.0.2
2021-03-13 11:42:02: 0.0.2
2021-03-13 11:51:31: 0.0.2
2021-03-14 04:34:38: 0.0.2
2021-03-14 05:02:02: 0.0.2
2021-03-14 06:31:15: 0.0.2
2021-03-14 06:43:14: 0.0.2
2021-03-14 08:38:35: 0.0.2
2021-03-14 08:44:26: 0.0.2
2021-03-14 12:40:33: 0.0.2
2021-03-14 22:56:39: 0.0.2
2021-03-15 23:42:22: 0.0.2
2021-03-17 02:53:51: 0.0.2
2021-03-17 06:02:28: 0.0.2
2021-03-17 06:06:19: 0.0.2
2021-03-17 10:51:10: 0.0.2
2021-03-17 11:24:03: 0.0.2
2021-03-17 20:59:07: 0.0.2
2021-03-17 21:03:10: 0.0.2
2021-03-17 21:10:33: 0.0.2
2021-03-17 21:55:27: 0.0.2
2021-03-17 21:55:51: 0.0.2
2021-03-18 04:42:56: 0.0.2
2021-03-18 10:36:27: 0.0.2
2021-03-18 14:13:23: 0.0.2
2021-03-18 14:22:45: 0.0.2
2021-03-18 18:58:29: 0.0.2
2021-03-18 18:59:45: 0.0.2
2021-03-18 19:00:01: 0.0.2
2021-03-19 01:33:30: 0.0.2
2021-03-19 01:51:51: 0.0.2
2021-03-19 09:04:36: 0.0.2
2021-03-19 22:22:45: 0.0.2
2021-03-19 22:34:57: 0.0.2
2021-03-19 22:48:31: 0.0.2
2021-03-19 22:49:41: 0.0.2
2021-03-19 22:51:36: 0.0.2
2021-03-19 22:58:15: 0.0.2
2021-03-19 23:07:04: 0.0.2
2021-03-19 23:12:59: 0.0.2
2021-03-19 23:15:41: 0.0.2
2021-03-19 23:20:59: 0.0.2
2021-03-19 23:27:13: 0.0.2
2021-03-19 23:44:56: 0.0.2
2021-03-19 23:51:56: 0.0.2
2021-03-19 23:53:25: 0.0.2
2021-03-20 05:00:50: 0.0.2
2021-03-20 22:55:43: 0.0.2
2021-03-21 06:07:33: 0.0.2
2021-03-21 13:11:12: undefined
2021-03-21 21:56:28: 0.0.2
2021-03-22 05:26:24: 0.0.2
2021-03-22 05:33:57: 0.0.2
2021-03-22 05:35:00: 0.0.2
2021-03-22 05:48:23: 0.0.2
2021-03-22 08:43:15: 0.0.2
2021-03-23 06:35:28: 0.0.2
2021-03-23 15:57:02: 0.0.2
2021-03-24 04:57:12: 0.0.2
2021-03-25 05:22:27: 0.0.2
2021-03-27 08:27:20: 0.0.2
2021-03-28 07:52:34: 0.0.2
2021-03-28 23:32:07: 0.0.2
2021-03-29 11:12:24: 0.0.2
2021-04-04 11:31:09: 0.0.2
2021-04-04 11:35:13: 0.0.2
2021-04-04 13:44:49: 0.0.2
2021-04-07 21:37:04: 0.0.2
2021-04-07 21:37:08: 0.0.2
2021-04-07 21:37:49: 0.0.2
2021-04-13 04:39:14: 0.0.2
2021-04-13 13:38:32: 0.0.2
2021-04-14 08:45:10: 0.0.2
2021-04-14 11:05:33: 0.0.2
2021-04-25 03:53:12: 0.0.2
2021-04-25 03:54:09: 0.0.2
2021-04-25 03:54:33: 0.0.2
2021-04-25 03:57:18: 0.0.2
2021-04-25 04:00:57: 0.0.2
2021-04-25 04:10:50: 0.0.2
2021-04-25 04:13:06: 0.0.2
2021-04-25 04:13:34: 0.0.2
2021-11-16 22:52:35: {
  port: 6379,
  password: 'Wh2319512282',
  host: '49.233.34.66',
  connectTimeout: 10000,
  db: 3
}
2021-11-16 22:52:36: redis连接成功!
2021-11-16 22:52:36: 服务器开启成功!9091
2021-11-21 23:19:01: {
  port: 6379,
  password: 'Wh2319512282',
  host: '49.233.34.66',
  connectTimeout: 10000,
  db: 3
}
2021-11-21 23:19:12: {
  port: 6379,
  password: 'Wh2319512282',
  host: '49.233.34.66',
  connectTimeout: 10000,
  db: 3
}
2021-11-21 23:19:14: 服务器开启成功!9091
2021-11-21 23:19:14: redis连接成功!
2021-11-22 22:01:30: {
  port: 6379,
  password: 'Wh2319512282',
  host: '49.233.34.66',
  connectTimeout: 10000,
  db: 3
}
2021-11-22 22:01:31: 服务器开启成功!9091
2021-11-22 22:01:31: redis连接成功!
2021-11-22 22:02:24: {
  port: 6379,
  password: 'Wh2319512282',
  host: '49.233.34.66',
  connectTimeout: 10000,
  db: 3
}
2021-11-22 22:02:25: redis连接成功!
2021-11-22 22:02:25: 服务器开启成功!9091
2021-12-08 19:17:15: {
  port: 6379,
  password: 'Wh2319512282',
  host: '49.233.34.66',
  connectTimeout: 10000,
  db: 3
}
2021-12-08 19:17:16: 服务器开启成功!9091
2021-12-08 19:17:16: redis连接成功!
2021-12-20 17:30:31: {
  port: 6379,
  password: 'Wh2319512282',
  host: '49.233.34.66',
  connectTimeout: 10000,
  db: 3
}
2021-12-20 17:30:32: redis连接成功!
2021-12-20 17:30:32: 服务器开启成功!9091
